E:\E_ELEKTRONIKA\MS_VS_AVR_RAVEN_PD\SYSTEM_POMIAROWY_ZIGBEE_WINAPI\SYSTEM_POMIAROWY_ZIGBEE\RELEASE\CONTENT.OBJ
E:\E_ELEKTRONIKA\MS_VS_AVR_RAVEN_PD\SYSTEM_POMIAROWY_ZIGBEE_WINAPI\SYSTEM_POMIAROWY_ZIGBEE\RELEASE\SERIAL_PORT.OBJ
E:\E_ELEKTRONIKA\MS_VS_AVR_RAVEN_PD\SYSTEM_POMIAROWY_ZIGBEE_WINAPI\SYSTEM_POMIAROWY_ZIGBEE\RELEASE\STDAFX.OBJ
E:\E_ELEKTRONIKA\MS_VS_AVR_RAVEN_PD\SYSTEM_POMIAROWY_ZIGBEE_WINAPI\SYSTEM_POMIAROWY_ZIGBEE\RELEASE\SYSTEM_POMIAROWY_ZIGBEE.EXE
E:\E_ELEKTRONIKA\MS_VS_AVR_RAVEN_PD\SYSTEM_POMIAROWY_ZIGBEE_WINAPI\SYSTEM_POMIAROWY_ZIGBEE\RELEASE\SYSTEM_POMIAROWY_ZIGBEE.EXE.INTERMEDIATE.MANIFEST
E:\E_ELEKTRONIKA\MS_VS_AVR_RAVEN_PD\SYSTEM_POMIAROWY_ZIGBEE_WINAPI\SYSTEM_POMIAROWY_ZIGBEE\RELEASE\SYSTEM_POMIAROWY_ZIGBEE.OBJ
E:\E_ELEKTRONIKA\MS_VS_AVR_RAVEN_PD\SYSTEM_POMIAROWY_ZIGBEE_WINAPI\SYSTEM_POMIAROWY_ZIGBEE\RELEASE\SYSTEM_POMIAROWY_ZIGBEE.PCH
E:\E_ELEKTRONIKA\MS_VS_AVR_RAVEN_PD\SYSTEM_POMIAROWY_ZIGBEE_WINAPI\SYSTEM_POMIAROWY_ZIGBEE\RELEASE\SYSTEM_POMIAROWY_ZIGBEE.PDB
E:\E_ELEKTRONIKA\MS_VS_AVR_RAVEN_PD\SYSTEM_POMIAROWY_ZIGBEE_WINAPI\SYSTEM_POMIAROWY_ZIGBEE\RELEASE\SYSTEM_POMIAROWY_ZIGBEE.RES
E:\E_ELEKTRONIKA\MS_VS_AVR_RAVEN_PD\SYSTEM_POMIAROWY_ZIGBEE_WINAPI\SYSTEM_POMIAROWY_ZIGBEE\RELEASE\THREADS.OBJ
E:\E_ELEKTRONIKA\MS_VS_AVR_RAVEN_PD\SYSTEM_POMIAROWY_ZIGBEE_WINAPI\SYSTEM_POMIAROWY_ZIGBEE\RELEASE\TOOLS.OBJ
E:\E_ELEKTRONIKA\MS_VS_AVR_RAVEN_PD\SYSTEM_POMIAROWY_ZIGBEE_WINAPI\SYSTEM_POMIAROWY_ZIGBEE\RELEASE\VC100.PDB
E:\E_ELEKTRONIKA\WinAPI\MS_VS_AVR_SERWO_PC_APP\Release\cl.command.1.tlog
E:\E_ELEKTRONIKA\WinAPI\MS_VS_AVR_SERWO_PC_APP\Release\CL.read.1.tlog
E:\E_ELEKTRONIKA\WinAPI\MS_VS_AVR_SERWO_PC_APP\Release\CL.write.1.tlog
E:\E_ELEKTRONIKA\WinAPI\MS_VS_AVR_SERWO_PC_APP\Release\content.obj
E:\E_ELEKTRONIKA\WinAPI\MS_VS_AVR_SERWO_PC_APP\Release\link.command.1.tlog
E:\E_ELEKTRONIKA\WinAPI\MS_VS_AVR_SERWO_PC_APP\Release\link.read.1.tlog
E:\E_ELEKTRONIKA\WinAPI\MS_VS_AVR_SERWO_PC_APP\Release\link.write.1.tlog
E:\E_ELEKTRONIKA\WinAPI\MS_VS_AVR_SERWO_PC_APP\Release\link-cvtres.read.1.tlog
E:\E_ELEKTRONIKA\WinAPI\MS_VS_AVR_SERWO_PC_APP\Release\link-cvtres.write.1.tlog
E:\E_ELEKTRONIKA\WINAPI\MS_VS_AVR_SERWO_PC_APP\RELEASE\MAIN.OBJ
E:\E_ELEKTRONIKA\WinAPI\MS_VS_AVR_SERWO_PC_APP\Release\mt.command.1.tlog
E:\E_ELEKTRONIKA\WinAPI\MS_VS_AVR_SERWO_PC_APP\Release\mt.read.1.tlog
E:\E_ELEKTRONIKA\WinAPI\MS_VS_AVR_SERWO_PC_APP\Release\mt.write.1.tlog
E:\E_ELEKTRONIKA\WinAPI\MS_VS_AVR_SERWO_PC_APP\Release\rc.command.1.tlog
E:\E_ELEKTRONIKA\WinAPI\MS_VS_AVR_SERWO_PC_APP\Release\rc.read.1.tlog
E:\E_ELEKTRONIKA\WinAPI\MS_VS_AVR_SERWO_PC_APP\Release\rc.write.1.tlog
E:\E_ELEKTRONIKA\WINAPI\MS_VS_AVR_SERWO_PC_APP\RELEASE\RES.RES
E:\E_ELEKTRONIKA\WINAPI\MS_VS_AVR_SERWO_PC_APP\RELEASE\SERIAL_PORT.OBJ
E:\E_ELEKTRONIKA\WINAPI\MS_VS_AVR_SERWO_PC_APP\RELEASE\SERVO_PC_APP.EXE
E:\E_ELEKTRONIKA\WINAPI\MS_VS_AVR_SERWO_PC_APP\RELEASE\SERVO_PC_APP.EXE.INTERMEDIATE.MANIFEST
E:\E_ELEKTRONIKA\WINAPI\MS_VS_AVR_SERWO_PC_APP\RELEASE\SERVO_PC_APP.PCH
E:\E_ELEKTRONIKA\WINAPI\MS_VS_AVR_SERWO_PC_APP\RELEASE\SERVO_PC_APP.PDB
E:\E_ELEKTRONIKA\WinAPI\MS_VS_AVR_SERWO_PC_APP\Release\Servo_PC_APP.write.1.tlog
E:\E_ELEKTRONIKA\WINAPI\MS_VS_AVR_SERWO_PC_APP\RELEASE\STDAFX.OBJ
E:\E_ELEKTRONIKA\WinAPI\MS_VS_AVR_SERWO_PC_APP\Release\System_Pomiarowy_ZigBee.exe.intermediate.manifest
E:\E_ELEKTRONIKA\WinAPI\MS_VS_AVR_SERWO_PC_APP\Release\System_Pomiarowy_ZigBee.obj
E:\E_ELEKTRONIKA\WinAPI\MS_VS_AVR_SERWO_PC_APP\Release\System_Pomiarowy_ZigBee.pch
E:\E_ELEKTRONIKA\WinAPI\MS_VS_AVR_SERWO_PC_APP\Release\System_Pomiarowy_ZigBee.pdb
E:\E_ELEKTRONIKA\WinAPI\MS_VS_AVR_SERWO_PC_APP\Release\System_Pomiarowy_ZigBee.res
E:\E_ELEKTRONIKA\WinAPI\MS_VS_AVR_SERWO_PC_APP\Release\System_Pomiarowy_ZigBee.vcxprojResolveAssemblyReference.cache
E:\E_ELEKTRONIKA\WINAPI\MS_VS_AVR_SERWO_PC_APP\RELEASE\THREADS.OBJ
E:\E_ELEKTRONIKA\WINAPI\MS_VS_AVR_SERWO_PC_APP\RELEASE\TOOLS.OBJ
E:\E_ELEKTRONIKA\WINAPI\MS_VS_AVR_SERWO_PC_APP\RELEASE\VC100.PDB
