E:\E_ELEKTRONIKA\MS_VS_AVR_RAVEN_PD\System_Pomiarowy_ZigBee_WinApi\System_Pomiarowy_ZigBee\Release\cl.command.1.tlog
E:\E_ELEKTRONIKA\MS_VS_AVR_RAVEN_PD\System_Pomiarowy_ZigBee_WinApi\System_Pomiarowy_ZigBee\Release\CL.read.1.tlog
E:\E_ELEKTRONIKA\MS_VS_AVR_RAVEN_PD\System_Pomiarowy_ZigBee_WinApi\System_Pomiarowy_ZigBee\Release\CL.write.1.tlog
E:\E_ELEKTRONIKA\MS_VS_AVR_RAVEN_PD\SYSTEM_POMIAROWY_ZIGBEE_WINAPI\SYSTEM_POMIAROWY_ZIGBEE\RELEASE\CONTENT.OBJ
E:\E_ELEKTRONIKA\MS_VS_AVR_RAVEN_PD\System_Pomiarowy_ZigBee_WinApi\System_Pomiarowy_ZigBee\Release\link.command.1.tlog
E:\E_ELEKTRONIKA\MS_VS_AVR_RAVEN_PD\System_Pomiarowy_ZigBee_WinApi\System_Pomiarowy_ZigBee\Release\link.read.1.tlog
E:\E_ELEKTRONIKA\MS_VS_AVR_RAVEN_PD\System_Pomiarowy_ZigBee_WinApi\System_Pomiarowy_ZigBee\Release\link.write.1.tlog
E:\E_ELEKTRONIKA\MS_VS_AVR_RAVEN_PD\System_Pomiarowy_ZigBee_WinApi\System_Pomiarowy_ZigBee\Release\link-cvtres.read.1.tlog
E:\E_ELEKTRONIKA\MS_VS_AVR_RAVEN_PD\System_Pomiarowy_ZigBee_WinApi\System_Pomiarowy_ZigBee\Release\link-cvtres.write.1.tlog
E:\E_ELEKTRONIKA\MS_VS_AVR_RAVEN_PD\System_Pomiarowy_ZigBee_WinApi\System_Pomiarowy_ZigBee\Release\mt.command.1.tlog
E:\E_ELEKTRONIKA\MS_VS_AVR_RAVEN_PD\System_Pomiarowy_ZigBee_WinApi\System_Pomiarowy_ZigBee\Release\mt.read.1.tlog
E:\E_ELEKTRONIKA\MS_VS_AVR_RAVEN_PD\System_Pomiarowy_ZigBee_WinApi\System_Pomiarowy_ZigBee\Release\mt.write.1.tlog
E:\E_ELEKTRONIKA\MS_VS_AVR_RAVEN_PD\System_Pomiarowy_ZigBee_WinApi\System_Pomiarowy_ZigBee\Release\rc.command.1.tlog
E:\E_ELEKTRONIKA\MS_VS_AVR_RAVEN_PD\System_Pomiarowy_ZigBee_WinApi\System_Pomiarowy_ZigBee\Release\rc.read.1.tlog
E:\E_ELEKTRONIKA\MS_VS_AVR_RAVEN_PD\System_Pomiarowy_ZigBee_WinApi\System_Pomiarowy_ZigBee\Release\rc.write.1.tlog
E:\E_ELEKTRONIKA\MS_VS_AVR_RAVEN_PD\SYSTEM_POMIAROWY_ZIGBEE_WINAPI\SYSTEM_POMIAROWY_ZIGBEE\RELEASE\SERIAL_PORT.OBJ
E:\E_ELEKTRONIKA\MS_VS_AVR_RAVEN_PD\SYSTEM_POMIAROWY_ZIGBEE_WINAPI\SYSTEM_POMIAROWY_ZIGBEE\RELEASE\STDAFX.OBJ
E:\E_ELEKTRONIKA\MS_VS_AVR_RAVEN_PD\SYSTEM_POMIAROWY_ZIGBEE_WINAPI\SYSTEM_POMIAROWY_ZIGBEE\RELEASE\SYSTEM_POMIAROWY_ZIGBEE.EXE
E:\E_ELEKTRONIKA\MS_VS_AVR_RAVEN_PD\SYSTEM_POMIAROWY_ZIGBEE_WINAPI\SYSTEM_POMIAROWY_ZIGBEE\RELEASE\SYSTEM_POMIAROWY_ZIGBEE.EXE.INTERMEDIATE.MANIFEST
E:\E_ELEKTRONIKA\MS_VS_AVR_RAVEN_PD\SYSTEM_POMIAROWY_ZIGBEE_WINAPI\SYSTEM_POMIAROWY_ZIGBEE\RELEASE\SYSTEM_POMIAROWY_ZIGBEE.OBJ
E:\E_ELEKTRONIKA\MS_VS_AVR_RAVEN_PD\SYSTEM_POMIAROWY_ZIGBEE_WINAPI\SYSTEM_POMIAROWY_ZIGBEE\RELEASE\SYSTEM_POMIAROWY_ZIGBEE.PCH
E:\E_ELEKTRONIKA\MS_VS_AVR_RAVEN_PD\SYSTEM_POMIAROWY_ZIGBEE_WINAPI\SYSTEM_POMIAROWY_ZIGBEE\RELEASE\SYSTEM_POMIAROWY_ZIGBEE.PDB
E:\E_ELEKTRONIKA\MS_VS_AVR_RAVEN_PD\SYSTEM_POMIAROWY_ZIGBEE_WINAPI\SYSTEM_POMIAROWY_ZIGBEE\RELEASE\SYSTEM_POMIAROWY_ZIGBEE.RES
E:\E_ELEKTRONIKA\MS_VS_AVR_RAVEN_PD\SYSTEM_POMIAROWY_ZIGBEE_WINAPI\SYSTEM_POMIAROWY_ZIGBEE\RELEASE\THREADS.OBJ
E:\E_ELEKTRONIKA\MS_VS_AVR_RAVEN_PD\SYSTEM_POMIAROWY_ZIGBEE_WINAPI\SYSTEM_POMIAROWY_ZIGBEE\RELEASE\TOOLS.OBJ
E:\E_ELEKTRONIKA\MS_VS_AVR_RAVEN_PD\SYSTEM_POMIAROWY_ZIGBEE_WINAPI\SYSTEM_POMIAROWY_ZIGBEE\RELEASE\VC100.PDB
