E:\E_ELEKTRONIKA\WinAPI\MS_VS_AVR_SERWO_PC_APP\Debug\cl.command.1.tlog
E:\E_ELEKTRONIKA\WinAPI\MS_VS_AVR_SERWO_PC_APP\Debug\CL.read.1.tlog
E:\E_ELEKTRONIKA\WinAPI\MS_VS_AVR_SERWO_PC_APP\Debug\CL.write.1.tlog
E:\E_ELEKTRONIKA\WINAPI\MS_VS_AVR_SERWO_PC_APP\DEBUG\ENUMSER.OBJ
E:\E_ELEKTRONIKA\WinAPI\MS_VS_AVR_SERWO_PC_APP\Debug\link.command.1.tlog
E:\E_ELEKTRONIKA\WinAPI\MS_VS_AVR_SERWO_PC_APP\Debug\link.read.1.tlog
E:\E_ELEKTRONIKA\WinAPI\MS_VS_AVR_SERWO_PC_APP\Debug\link.write.1.tlog
E:\E_ELEKTRONIKA\WinAPI\MS_VS_AVR_SERWO_PC_APP\Debug\link-cvtres.read.1.tlog
E:\E_ELEKTRONIKA\WinAPI\MS_VS_AVR_SERWO_PC_APP\Debug\link-cvtres.write.1.tlog
E:\E_ELEKTRONIKA\WINAPI\MS_VS_AVR_SERWO_PC_APP\DEBUG\MAIN.OBJ
E:\E_ELEKTRONIKA\WinAPI\MS_VS_AVR_SERWO_PC_APP\Debug\mt.command.1.tlog
E:\E_ELEKTRONIKA\WinAPI\MS_VS_AVR_SERWO_PC_APP\Debug\mt.read.1.tlog
E:\E_ELEKTRONIKA\WinAPI\MS_VS_AVR_SERWO_PC_APP\Debug\mt.write.1.tlog
E:\E_ELEKTRONIKA\WinAPI\MS_VS_AVR_SERWO_PC_APP\Debug\rc.command.1.tlog
E:\E_ELEKTRONIKA\WinAPI\MS_VS_AVR_SERWO_PC_APP\Debug\rc.read.1.tlog
E:\E_ELEKTRONIKA\WinAPI\MS_VS_AVR_SERWO_PC_APP\Debug\rc.write.1.tlog
E:\E_ELEKTRONIKA\WINAPI\MS_VS_AVR_SERWO_PC_APP\DEBUG\RES.RES
E:\E_ELEKTRONIKA\WINAPI\MS_VS_AVR_SERWO_PC_APP\DEBUG\SERIAL_PORT.OBJ
E:\E_ELEKTRONIKA\WINAPI\MS_VS_AVR_SERWO_PC_APP\DEBUG\SERVO_PC_APP.EXE
E:\E_ELEKTRONIKA\WINAPI\MS_VS_AVR_SERWO_PC_APP\DEBUG\SERVO_PC_APP.EXE.EMBED.MANIFEST
E:\E_ELEKTRONIKA\WINAPI\MS_VS_AVR_SERWO_PC_APP\DEBUG\SERVO_PC_APP.EXE.EMBED.MANIFEST.RES
E:\E_ELEKTRONIKA\WINAPI\MS_VS_AVR_SERWO_PC_APP\DEBUG\SERVO_PC_APP.EXE.INTERMEDIATE.MANIFEST
E:\E_ELEKTRONIKA\WINAPI\MS_VS_AVR_SERWO_PC_APP\DEBUG\SERVO_PC_APP.PCH
E:\E_ELEKTRONIKA\WINAPI\MS_VS_AVR_SERWO_PC_APP\DEBUG\SERVO_PC_APP.PDB
E:\E_ELEKTRONIKA\WinAPI\MS_VS_AVR_SERWO_PC_APP\Debug\Servo_PC_APP.write.1.tlog
E:\E_ELEKTRONIKA\WinAPI\MS_VS_AVR_SERWO_PC_APP\Debug\Servo_PC_APP_manifest.rc
E:\E_ELEKTRONIKA\WINAPI\MS_VS_AVR_SERWO_PC_APP\DEBUG\STDAFX.OBJ
E:\E_ELEKTRONIKA\WINAPI\MS_VS_AVR_SERWO_PC_APP\DEBUG\THREADS.OBJ
E:\E_ELEKTRONIKA\WINAPI\MS_VS_AVR_SERWO_PC_APP\DEBUG\TOOLS.OBJ
E:\E_ELEKTRONIKA\WinAPI\MS_VS_AVR_SERWO_PC_APP\Debug\vc100.idb
E:\E_ELEKTRONIKA\WINAPI\MS_VS_AVR_SERWO_PC_APP\DEBUG\VC100.PDB
