Build started 2012-12-06 22:59:04.
     1>Project "E:\E_ELEKTRONIKA\MS_VS_AVR_SERWO_PC_APP\SERWO_PC_APP\System_Pomiarowy_ZigBee.vcxproj" on node 2 (build target(s)).
     1>InitializeBuildStatus:
         Creating "Debug\Servo_PC_APP.unsuccessfulbuild" because "AlwaysCreate" was specified.
       ClCompile:
         E:\Program Files\Visual Studio 2010\VC\bin\CL.exe /c /ZI /nologo /W3 /WX- /Od /Oy- /D WIN32 /D _DEBUG /D _WINDOWS /D _MBCS /Gm /EHsc /RTC1 /MDd /GS /fp:precise /Zc:wchar_t /Zc:forScope /Yc"StdAfx.h" /Fp"Debug\Servo_PC_APP.pch" /Fo"Debug\\" /Fd"Debug\vc100.pdb" /Gd /TP /analyze- /errorReport:prompt stdafx.cpp
         stdafx.cpp
         E:\Program Files\Visual Studio 2010\VC\bin\CL.exe /c /ZI /nologo /W3 /WX- /Od /Oy- /D WIN32 /D _DEBUG /D _WINDOWS /D _MBCS /Gm /EHsc /RTC1 /MDd /GS /fp:precise /Zc:wchar_t /Zc:forScope /Yu"StdAfx.h" /Fp"Debug\Servo_PC_APP.pch" /Fo"Debug\\" /Fd"Debug\vc100.pdb" /Gd /TP /analyze- /errorReport:prompt main.cpp serial_port.cpp threads.cpp tools.cpp
         threads.cpp
     1>e:\e_elektronika\ms_vs_avr_serwo_pc_app\serwo_pc_app\threads.cpp(120): warning C4996: 'sprintf': This function or variable may be unsafe. Consider using sprintf_s instead. To disable deprecation, use _CRT_SECURE_NO_WARNINGS. See online help for details.
                 e:\program files\visual studio 2010\vc\include\stdio.h(371) : see declaration of 'sprintf'
     1>e:\e_elektronika\ms_vs_avr_serwo_pc_app\serwo_pc_app\threads.cpp(124): warning C4996: 'sprintf': This function or variable may be unsafe. Consider using sprintf_s instead. To disable deprecation, use _CRT_SECURE_NO_WARNINGS. See online help for details.
                 e:\program files\visual studio 2010\vc\include\stdio.h(371) : see declaration of 'sprintf'
     1>e:\e_elektronika\ms_vs_avr_serwo_pc_app\serwo_pc_app\threads.cpp(134): warning C4996: 'sprintf': This function or variable may be unsafe. Consider using sprintf_s instead. To disable deprecation, use _CRT_SECURE_NO_WARNINGS. See online help for details.
                 e:\program files\visual studio 2010\vc\include\stdio.h(371) : see declaration of 'sprintf'
     1>e:\e_elektronika\ms_vs_avr_serwo_pc_app\serwo_pc_app\threads.cpp(153): warning C4996: 'sprintf': This function or variable may be unsafe. Consider using sprintf_s instead. To disable deprecation, use _CRT_SECURE_NO_WARNINGS. See online help for details.
                 e:\program files\visual studio 2010\vc\include\stdio.h(371) : see declaration of 'sprintf'
         Generating Code...
         Compiling...
         tools.cpp
     1>e:\e_elektronika\ms_vs_avr_serwo_pc_app\serwo_pc_app\tools.cpp(30): warning C4018: '<' : signed/unsigned mismatch
     1>e:\e_elektronika\ms_vs_avr_serwo_pc_app\serwo_pc_app\tools.cpp(32): warning C4996: 'sprintf': This function or variable may be unsafe. Consider using sprintf_s instead. To disable deprecation, use _CRT_SECURE_NO_WARNINGS. See online help for details.
                 e:\program files\visual studio 2010\vc\include\stdio.h(371) : see declaration of 'sprintf'
         serial_port.cpp
         main.cpp
     1>e:\e_elektronika\ms_vs_avr_serwo_pc_app\serwo_pc_app\main.cpp(159): warning C4996: 'sprintf': This function or variable may be unsafe. Consider using sprintf_s instead. To disable deprecation, use _CRT_SECURE_NO_WARNINGS. See online help for details.
                 e:\program files\visual studio 2010\vc\include\stdio.h(371) : see declaration of 'sprintf'
     1>e:\e_elektronika\ms_vs_avr_serwo_pc_app\serwo_pc_app\main.cpp(189): warning C4996: 'sprintf': This function or variable may be unsafe. Consider using sprintf_s instead. To disable deprecation, use _CRT_SECURE_NO_WARNINGS. See online help for details.
                 e:\program files\visual studio 2010\vc\include\stdio.h(371) : see declaration of 'sprintf'
     1>e:\e_elektronika\ms_vs_avr_serwo_pc_app\serwo_pc_app\main.cpp(217): warning C4996: 'sprintf': This function or variable may be unsafe. Consider using sprintf_s instead. To disable deprecation, use _CRT_SECURE_NO_WARNINGS. See online help for details.
                 e:\program files\visual studio 2010\vc\include\stdio.h(371) : see declaration of 'sprintf'
     1>e:\e_elektronika\ms_vs_avr_serwo_pc_app\serwo_pc_app\main.cpp(283): warning C4996: 'sprintf': This function or variable may be unsafe. Consider using sprintf_s instead. To disable deprecation, use _CRT_SECURE_NO_WARNINGS. See online help for details.
                 e:\program files\visual studio 2010\vc\include\stdio.h(371) : see declaration of 'sprintf'
     1>e:\e_elektronika\ms_vs_avr_serwo_pc_app\serwo_pc_app\main.cpp(373): warning C4996: 'sprintf': This function or variable may be unsafe. Consider using sprintf_s instead. To disable deprecation, use _CRT_SECURE_NO_WARNINGS. See online help for details.
                 e:\program files\visual studio 2010\vc\include\stdio.h(371) : see declaration of 'sprintf'
     1>e:\e_elektronika\ms_vs_avr_serwo_pc_app\serwo_pc_app\main.cpp(427): warning C4244: '=' : conversion from 'double' to 'FLOAT', possible loss of data
         Generating Code...
       ResourceCompile:
         C:\Program Files (x86)\Microsoft SDKs\Windows\v7.0A\bin\rc.exe /l"0x0409" /nologo /fo"Debug\res.res" res.rc 
       ManifestResourceCompile:
         All outputs are up-to-date.
       Link:
         E:\Program Files\Visual Studio 2010\VC\bin\link.exe /ERRORREPORT:PROMPT /OUT:"E:\E_ELEKTRONIKA\MS_VS_AVR_SERWO_PC_APP\SERWO_PC_APP\Debug\Servo_PC_APP.exe" /INCREMENTAL /NOLOGO comctl32.lib kernel32.lib user32.lib gdi32.lib winspool.lib comdlg32.lib advapi32.lib shell32.lib ole32.lib oleaut32.lib uuid.lib odbc32.lib odbccp32.lib /MANIFEST /ManifestFile:"Debug\Servo_PC_APP.exe.intermediate.manifest" /MANIFESTUAC:"level='asInvoker' uiAccess='false'" /DEBUG /PDB:"E:\E_ELEKTRONIKA\MS_VS_AVR_SERWO_PC_APP\SERWO_PC_APP\Debug\Servo_PC_APP.pdb" /SUBSYSTEM:WINDOWS /LTCG /TLBID:1 /DYNAMICBASE /NXCOMPAT /IMPLIB:"E:\E_ELEKTRONIKA\MS_VS_AVR_SERWO_PC_APP\SERWO_PC_APP\Debug\Servo_PC_APP.lib" /MACHINE:X86 Debug\res.res
         Debug\Servo_PC_APP.exe.embed.manifest.res
         Debug\serial_port.obj
         Debug\stdafx.obj
         Debug\main.obj
         Debug\threads.obj
         Debug\tools.obj
     1>LINK : warning LNK4075: ignoring '/INCREMENTAL' due to '/LTCG' specification
         LINK : /LTCG specified but no code generation required; remove /LTCG from the link command line to improve linker performance
       Manifest:
         C:\Program Files (x86)\Microsoft SDKs\Windows\v7.0A\bin\mt.exe /nologo /verbose /out:"Debug\Servo_PC_APP.exe.embed.manifest" /manifest Debug\Servo_PC_APP.exe.intermediate.manifest
         All outputs are up-to-date.
       LinkEmbedManifest:
         All outputs are up-to-date.
         System_Pomiarowy_ZigBee.vcxproj -> E:\E_ELEKTRONIKA\MS_VS_AVR_SERWO_PC_APP\SERWO_PC_APP\Debug\Servo_PC_APP.exe
       FinalizeBuildStatus:
         Deleting file "Debug\Servo_PC_APP.unsuccessfulbuild".
         Touching "Debug\Servo_PC_APP.lastbuildstate".
     1>Done Building Project "E:\E_ELEKTRONIKA\MS_VS_AVR_SERWO_PC_APP\SERWO_PC_APP\System_Pomiarowy_ZigBee.vcxproj" (build target(s)).

Build succeeded.

Time Elapsed 00:00:04.84
